CRITICAL - 2024-12-11 01:00:09 --> ErrorException: Undefined array key "id_matkul"
[Method: GET, Route: data]
in APPPATH\Views\asdos\data.php on line 87.
 1 APPPATH\Views\asdos\data.php(87): CodeIgniter\Debug\Exceptions->errorHandler(2, 'Undefined array key "id_matkul"', 'D:\\laragon\\www\\Kuliah\\PWLPRAKTIK\\pertemuan8\\app\\Views\\asdos\\data.php', 87)
 2 SYSTEMPATH\View\View.php(234): include('D:\\laragon\\www\\Kuliah\\PWLPRAKTIK\\pertemuan8\\app\\Views\\asdos\\data.php')
 3 SYSTEMPATH\View\View.php(237): CodeIgniter\View\View->CodeIgniter\View\{closure}()
 4 SYSTEMPATH\Common.php(1171): CodeIgniter\View\View->render('asdos/data', [], true)
 5 APPPATH\Controllers\AsdosController.php(14): view('asdos/data', [...])
 6 SYSTEMPATH\CodeIgniter.php(933): App\Controllers\AsdosController->index()
 7 SYSTEMPATH\CodeIgniter.php(509): CodeIgniter\CodeIgniter->runController(Object(App\Controllers\AsdosController))
 8 SYSTEMPATH\CodeIgniter.php(355): CodeIgniter\CodeIgniter->handleRequest(null, Object(Config\Cache), false)
 9 SYSTEMPATH\Boot.php(325): CodeIgniter\CodeIgniter->run()
10 SYSTEMPATH\Boot.php(67): CodeIgniter\Boot::runCodeIgniter(Object(CodeIgniter\CodeIgniter))
11 FCPATH\index.php(56): CodeIgniter\Boot::bootWeb(Object(Config\Paths))
12 SYSTEMPATH\rewrite.php(44): require_once('D:\\laragon\\www\\Kuliah\\PWLPRAKTIK\\pertemuan8\\public\\index.php')
CRITICAL - 2024-12-11 01:02:44 --> ErrorException: Undefined variable $user
[Method: GET, Route: edit/3]
in APPPATH\Views\asdos\edit.php on line 19.
 1 APPPATH\Views\asdos\edit.php(19): CodeIgniter\Debug\Exceptions->errorHandler(2, 'Undefined variable $user', 'D:\\laragon\\www\\Kuliah\\PWLPRAKTIK\\pertemuan8\\app\\Views\\asdos\\edit.php', 19)
 2 SYSTEMPATH\View\View.php(234): include('D:\\laragon\\www\\Kuliah\\PWLPRAKTIK\\pertemuan8\\app\\Views\\asdos\\edit.php')
 3 SYSTEMPATH\View\View.php(237): CodeIgniter\View\View->CodeIgniter\View\{closure}()
 4 SYSTEMPATH\Common.php(1171): CodeIgniter\View\View->render('asdos/edit', [], true)
 5 APPPATH\Controllers\AsdosController.php(35): view('asdos/edit', [...])
 6 SYSTEMPATH\CodeIgniter.php(933): App\Controllers\AsdosController->edit('3')
 7 SYSTEMPATH\CodeIgniter.php(509): CodeIgniter\CodeIgniter->runController(Object(App\Controllers\AsdosController))
 8 SYSTEMPATH\CodeIgniter.php(355): CodeIgniter\CodeIgniter->handleRequest(null, Object(Config\Cache), false)
 9 SYSTEMPATH\Boot.php(325): CodeIgniter\CodeIgniter->run()
10 SYSTEMPATH\Boot.php(67): CodeIgniter\Boot::runCodeIgniter(Object(CodeIgniter\CodeIgniter))
11 FCPATH\index.php(56): CodeIgniter\Boot::bootWeb(Object(Config\Paths))
12 SYSTEMPATH\rewrite.php(44): require_once('D:\\laragon\\www\\Kuliah\\PWLPRAKTIK\\pertemuan8\\public\\index.php')
CRITICAL - 2024-12-11 01:03:00 --> ErrorException: Undefined variable $data
[Method: GET, Route: edit/3]
in APPPATH\Views\asdos\edit.php on line 19.
 1 APPPATH\Views\asdos\edit.php(19): CodeIgniter\Debug\Exceptions->errorHandler(2, 'Undefined variable $data', 'D:\\laragon\\www\\Kuliah\\PWLPRAKTIK\\pertemuan8\\app\\Views\\asdos\\edit.php', 19)
 2 SYSTEMPATH\View\View.php(234): include('D:\\laragon\\www\\Kuliah\\PWLPRAKTIK\\pertemuan8\\app\\Views\\asdos\\edit.php')
 3 SYSTEMPATH\View\View.php(237): CodeIgniter\View\View->CodeIgniter\View\{closure}()
 4 SYSTEMPATH\Common.php(1171): CodeIgniter\View\View->render('asdos/edit', [], true)
 5 APPPATH\Controllers\AsdosController.php(35): view('asdos/edit', [...])
 6 SYSTEMPATH\CodeIgniter.php(933): App\Controllers\AsdosController->edit('3')
 7 SYSTEMPATH\CodeIgniter.php(509): CodeIgniter\CodeIgniter->runController(Object(App\Controllers\AsdosController))
 8 SYSTEMPATH\CodeIgniter.php(355): CodeIgniter\CodeIgniter->handleRequest(null, Object(Config\Cache), false)
 9 SYSTEMPATH\Boot.php(325): CodeIgniter\CodeIgniter->run()
10 SYSTEMPATH\Boot.php(67): CodeIgniter\Boot::runCodeIgniter(Object(CodeIgniter\CodeIgniter))
11 FCPATH\index.php(56): CodeIgniter\Boot::bootWeb(Object(Config\Paths))
12 SYSTEMPATH\rewrite.php(44): require_once('D:\\laragon\\www\\Kuliah\\PWLPRAKTIK\\pertemuan8\\public\\index.php')
CRITICAL - 2024-12-11 01:04:56 --> ErrorException: Undefined variable $data
[Method: GET, Route: edit/3]
in APPPATH\Views\asdos\edit.php on line 16.
 1 APPPATH\Views\asdos\edit.php(16): CodeIgniter\Debug\Exceptions->errorHandler(2, 'Undefined variable $data', 'D:\\laragon\\www\\Kuliah\\PWLPRAKTIK\\pertemuan8\\app\\Views\\asdos\\edit.php', 16)
 2 SYSTEMPATH\View\View.php(234): include('D:\\laragon\\www\\Kuliah\\PWLPRAKTIK\\pertemuan8\\app\\Views\\asdos\\edit.php')
 3 SYSTEMPATH\View\View.php(237): CodeIgniter\View\View->CodeIgniter\View\{closure}()
 4 SYSTEMPATH\Common.php(1171): CodeIgniter\View\View->render('asdos/edit', [], true)
 5 APPPATH\Controllers\AsdosController.php(38): view('asdos/edit', [...])
 6 SYSTEMPATH\CodeIgniter.php(933): App\Controllers\AsdosController->edit('3')
 7 SYSTEMPATH\CodeIgniter.php(509): CodeIgniter\CodeIgniter->runController(Object(App\Controllers\AsdosController))
 8 SYSTEMPATH\CodeIgniter.php(355): CodeIgniter\CodeIgniter->handleRequest(null, Object(Config\Cache), false)
 9 SYSTEMPATH\Boot.php(325): CodeIgniter\CodeIgniter->run()
10 SYSTEMPATH\Boot.php(67): CodeIgniter\Boot::runCodeIgniter(Object(CodeIgniter\CodeIgniter))
11 FCPATH\index.php(56): CodeIgniter\Boot::bootWeb(Object(Config\Paths))
12 SYSTEMPATH\rewrite.php(44): require_once('D:\\laragon\\www\\Kuliah\\PWLPRAKTIK\\pertemuan8\\public\\index.php')
CRITICAL - 2024-12-11 01:06:59 --> ErrorException: Undefined variable $data
[Method: GET, Route: edit/3]
in APPPATH\Views\asdos\edit.php on line 16.
 1 APPPATH\Views\asdos\edit.php(16): CodeIgniter\Debug\Exceptions->errorHandler(2, 'Undefined variable $data', 'D:\\laragon\\www\\Kuliah\\PWLPRAKTIK\\pertemuan8\\app\\Views\\asdos\\edit.php', 16)
 2 SYSTEMPATH\View\View.php(234): include('D:\\laragon\\www\\Kuliah\\PWLPRAKTIK\\pertemuan8\\app\\Views\\asdos\\edit.php')
 3 SYSTEMPATH\View\View.php(237): CodeIgniter\View\View->CodeIgniter\View\{closure}()
 4 SYSTEMPATH\Common.php(1171): CodeIgniter\View\View->render('asdos/edit', [], true)
 5 APPPATH\Controllers\AsdosController.php(38): view('asdos/edit', [...])
 6 SYSTEMPATH\CodeIgniter.php(933): App\Controllers\AsdosController->edit('3')
 7 SYSTEMPATH\CodeIgniter.php(509): CodeIgniter\CodeIgniter->runController(Object(App\Controllers\AsdosController))
 8 SYSTEMPATH\CodeIgniter.php(355): CodeIgniter\CodeIgniter->handleRequest(null, Object(Config\Cache), false)
 9 SYSTEMPATH\Boot.php(325): CodeIgniter\CodeIgniter->run()
10 SYSTEMPATH\Boot.php(67): CodeIgniter\Boot::runCodeIgniter(Object(CodeIgniter\CodeIgniter))
11 FCPATH\index.php(56): CodeIgniter\Boot::bootWeb(Object(Config\Paths))
12 SYSTEMPATH\rewrite.php(44): require_once('D:\\laragon\\www\\Kuliah\\PWLPRAKTIK\\pertemuan8\\public\\index.php')
CRITICAL - 2024-12-11 01:07:31 --> ErrorException: Undefined variable $data
[Method: GET, Route: edit/3]
in APPPATH\Views\asdos\edit.php on line 21.
 1 APPPATH\Views\asdos\edit.php(21): CodeIgniter\Debug\Exceptions->errorHandler(2, 'Undefined variable $data', 'D:\\laragon\\www\\Kuliah\\PWLPRAKTIK\\pertemuan8\\app\\Views\\asdos\\edit.php', 21)
 2 SYSTEMPATH\View\View.php(234): include('D:\\laragon\\www\\Kuliah\\PWLPRAKTIK\\pertemuan8\\app\\Views\\asdos\\edit.php')
 3 SYSTEMPATH\View\View.php(237): CodeIgniter\View\View->CodeIgniter\View\{closure}()
 4 SYSTEMPATH\Common.php(1171): CodeIgniter\View\View->render('asdos/edit', [], true)
 5 APPPATH\Controllers\AsdosController.php(38): view('asdos/edit', [...])
 6 SYSTEMPATH\CodeIgniter.php(933): App\Controllers\AsdosController->edit('3')
 7 SYSTEMPATH\CodeIgniter.php(509): CodeIgniter\CodeIgniter->runController(Object(App\Controllers\AsdosController))
 8 SYSTEMPATH\CodeIgniter.php(355): CodeIgniter\CodeIgniter->handleRequest(null, Object(Config\Cache), false)
 9 SYSTEMPATH\Boot.php(325): CodeIgniter\CodeIgniter->run()
10 SYSTEMPATH\Boot.php(67): CodeIgniter\Boot::runCodeIgniter(Object(CodeIgniter\CodeIgniter))
11 FCPATH\index.php(56): CodeIgniter\Boot::bootWeb(Object(Config\Paths))
12 SYSTEMPATH\rewrite.php(44): require_once('D:\\laragon\\www\\Kuliah\\PWLPRAKTIK\\pertemuan8\\public\\index.php')
CRITICAL - 2024-12-11 01:07:37 --> ErrorException: Undefined variable $data
[Method: GET, Route: edit/3]
in APPPATH\Views\asdos\edit.php on line 21.
 1 APPPATH\Views\asdos\edit.php(21): CodeIgniter\Debug\Exceptions->errorHandler(2, 'Undefined variable $data', 'D:\\laragon\\www\\Kuliah\\PWLPRAKTIK\\pertemuan8\\app\\Views\\asdos\\edit.php', 21)
 2 SYSTEMPATH\View\View.php(234): include('D:\\laragon\\www\\Kuliah\\PWLPRAKTIK\\pertemuan8\\app\\Views\\asdos\\edit.php')
 3 SYSTEMPATH\View\View.php(237): CodeIgniter\View\View->CodeIgniter\View\{closure}()
 4 SYSTEMPATH\Common.php(1171): CodeIgniter\View\View->render('asdos/edit', [], true)
 5 APPPATH\Controllers\AsdosController.php(38): view('asdos/edit', [...])
 6 SYSTEMPATH\CodeIgniter.php(933): App\Controllers\AsdosController->edit('3')
 7 SYSTEMPATH\CodeIgniter.php(509): CodeIgniter\CodeIgniter->runController(Object(App\Controllers\AsdosController))
 8 SYSTEMPATH\CodeIgniter.php(355): CodeIgniter\CodeIgniter->handleRequest(null, Object(Config\Cache), false)
 9 SYSTEMPATH\Boot.php(325): CodeIgniter\CodeIgniter->run()
10 SYSTEMPATH\Boot.php(67): CodeIgniter\Boot::runCodeIgniter(Object(CodeIgniter\CodeIgniter))
11 FCPATH\index.php(56): CodeIgniter\Boot::bootWeb(Object(Config\Paths))
12 SYSTEMPATH\rewrite.php(44): require_once('D:\\laragon\\www\\Kuliah\\PWLPRAKTIK\\pertemuan8\\public\\index.php')
CRITICAL - 2024-12-11 01:08:39 --> ErrorException: Undefined variable $data
[Method: GET, Route: edit/3]
in APPPATH\Views\asdos\edit.php on line 21.
 1 APPPATH\Views\asdos\edit.php(21): CodeIgniter\Debug\Exceptions->errorHandler(2, 'Undefined variable $data', 'D:\\laragon\\www\\Kuliah\\PWLPRAKTIK\\pertemuan8\\app\\Views\\asdos\\edit.php', 21)
 2 SYSTEMPATH\View\View.php(234): include('D:\\laragon\\www\\Kuliah\\PWLPRAKTIK\\pertemuan8\\app\\Views\\asdos\\edit.php')
 3 SYSTEMPATH\View\View.php(237): CodeIgniter\View\View->CodeIgniter\View\{closure}()
 4 SYSTEMPATH\Common.php(1171): CodeIgniter\View\View->render('asdos/edit', [], true)
 5 APPPATH\Controllers\AsdosController.php(38): view('asdos/edit', [...])
 6 SYSTEMPATH\CodeIgniter.php(933): App\Controllers\AsdosController->edit('3')
 7 SYSTEMPATH\CodeIgniter.php(509): CodeIgniter\CodeIgniter->runController(Object(App\Controllers\AsdosController))
 8 SYSTEMPATH\CodeIgniter.php(355): CodeIgniter\CodeIgniter->handleRequest(null, Object(Config\Cache), false)
 9 SYSTEMPATH\Boot.php(325): CodeIgniter\CodeIgniter->run()
10 SYSTEMPATH\Boot.php(67): CodeIgniter\Boot::runCodeIgniter(Object(CodeIgniter\CodeIgniter))
11 FCPATH\index.php(56): CodeIgniter\Boot::bootWeb(Object(Config\Paths))
12 SYSTEMPATH\rewrite.php(44): require_once('D:\\laragon\\www\\Kuliah\\PWLPRAKTIK\\pertemuan8\\public\\index.php')
CRITICAL - 2024-12-11 01:08:45 --> ErrorException: Undefined variable $data
[Method: GET, Route: edit/3]
in APPPATH\Views\asdos\edit.php on line 21.
 1 APPPATH\Views\asdos\edit.php(21): CodeIgniter\Debug\Exceptions->errorHandler(2, 'Undefined variable $data', 'D:\\laragon\\www\\Kuliah\\PWLPRAKTIK\\pertemuan8\\app\\Views\\asdos\\edit.php', 21)
 2 SYSTEMPATH\View\View.php(234): include('D:\\laragon\\www\\Kuliah\\PWLPRAKTIK\\pertemuan8\\app\\Views\\asdos\\edit.php')
 3 SYSTEMPATH\View\View.php(237): CodeIgniter\View\View->CodeIgniter\View\{closure}()
 4 SYSTEMPATH\Common.php(1171): CodeIgniter\View\View->render('asdos/edit', [], true)
 5 APPPATH\Controllers\AsdosController.php(38): view('asdos/edit', [...])
 6 SYSTEMPATH\CodeIgniter.php(933): App\Controllers\AsdosController->edit('3')
 7 SYSTEMPATH\CodeIgniter.php(509): CodeIgniter\CodeIgniter->runController(Object(App\Controllers\AsdosController))
 8 SYSTEMPATH\CodeIgniter.php(355): CodeIgniter\CodeIgniter->handleRequest(null, Object(Config\Cache), false)
 9 SYSTEMPATH\Boot.php(325): CodeIgniter\CodeIgniter->run()
10 SYSTEMPATH\Boot.php(67): CodeIgniter\Boot::runCodeIgniter(Object(CodeIgniter\CodeIgniter))
11 FCPATH\index.php(56): CodeIgniter\Boot::bootWeb(Object(Config\Paths))
12 SYSTEMPATH\rewrite.php(44): require_once('D:\\laragon\\www\\Kuliah\\PWLPRAKTIK\\pertemuan8\\public\\index.php')
CRITICAL - 2024-12-11 01:10:07 --> ErrorException: Undefined variable $data
[Method: GET, Route: edit/3]
in APPPATH\Views\asdos\edit.php on line 21.
 1 APPPATH\Views\asdos\edit.php(21): CodeIgniter\Debug\Exceptions->errorHandler(2, 'Undefined variable $data', 'D:\\laragon\\www\\Kuliah\\PWLPRAKTIK\\pertemuan8\\app\\Views\\asdos\\edit.php', 21)
 2 SYSTEMPATH\View\View.php(234): include('D:\\laragon\\www\\Kuliah\\PWLPRAKTIK\\pertemuan8\\app\\Views\\asdos\\edit.php')
 3 SYSTEMPATH\View\View.php(237): CodeIgniter\View\View->CodeIgniter\View\{closure}()
 4 SYSTEMPATH\Common.php(1171): CodeIgniter\View\View->render('asdos/edit', [], true)
 5 APPPATH\Controllers\AsdosController.php(38): view('asdos/edit', [...])
 6 SYSTEMPATH\CodeIgniter.php(933): App\Controllers\AsdosController->edit('3')
 7 SYSTEMPATH\CodeIgniter.php(509): CodeIgniter\CodeIgniter->runController(Object(App\Controllers\AsdosController))
 8 SYSTEMPATH\CodeIgniter.php(355): CodeIgniter\CodeIgniter->handleRequest(null, Object(Config\Cache), false)
 9 SYSTEMPATH\Boot.php(325): CodeIgniter\CodeIgniter->run()
10 SYSTEMPATH\Boot.php(67): CodeIgniter\Boot::runCodeIgniter(Object(CodeIgniter\CodeIgniter))
11 FCPATH\index.php(56): CodeIgniter\Boot::bootWeb(Object(Config\Paths))
12 SYSTEMPATH\rewrite.php(44): require_once('D:\\laragon\\www\\Kuliah\\PWLPRAKTIK\\pertemuan8\\public\\index.php')
CRITICAL - 2024-12-11 01:11:01 --> ErrorException: Undefined variable $data
[Method: GET, Route: edit/3]
in APPPATH\Views\asdos\edit.php on line 12.
 1 APPPATH\Views\asdos\edit.php(12): CodeIgniter\Debug\Exceptions->errorHandler(2, 'Undefined variable $data', 'D:\\laragon\\www\\Kuliah\\PWLPRAKTIK\\pertemuan8\\app\\Views\\asdos\\edit.php', 12)
 2 SYSTEMPATH\View\View.php(234): include('D:\\laragon\\www\\Kuliah\\PWLPRAKTIK\\pertemuan8\\app\\Views\\asdos\\edit.php')
 3 SYSTEMPATH\View\View.php(237): CodeIgniter\View\View->CodeIgniter\View\{closure}()
 4 SYSTEMPATH\Common.php(1171): CodeIgniter\View\View->render('asdos/edit', [], true)
 5 APPPATH\Controllers\AsdosController.php(38): view('asdos/edit', [...])
 6 SYSTEMPATH\CodeIgniter.php(933): App\Controllers\AsdosController->edit('3')
 7 SYSTEMPATH\CodeIgniter.php(509): CodeIgniter\CodeIgniter->runController(Object(App\Controllers\AsdosController))
 8 SYSTEMPATH\CodeIgniter.php(355): CodeIgniter\CodeIgniter->handleRequest(null, Object(Config\Cache), false)
 9 SYSTEMPATH\Boot.php(325): CodeIgniter\CodeIgniter->run()
10 SYSTEMPATH\Boot.php(67): CodeIgniter\Boot::runCodeIgniter(Object(CodeIgniter\CodeIgniter))
11 FCPATH\index.php(56): CodeIgniter\Boot::bootWeb(Object(Config\Paths))
12 SYSTEMPATH\rewrite.php(44): require_once('D:\\laragon\\www\\Kuliah\\PWLPRAKTIK\\pertemuan8\\public\\index.php')
CRITICAL - 2024-12-11 01:12:21 --> ErrorException: Undefined variable $data
[Method: GET, Route: edit/3]
in APPPATH\Views\asdos\edit.php on line 12.
 1 APPPATH\Views\asdos\edit.php(12): CodeIgniter\Debug\Exceptions->errorHandler(2, 'Undefined variable $data', 'D:\\laragon\\www\\Kuliah\\PWLPRAKTIK\\pertemuan8\\app\\Views\\asdos\\edit.php', 12)
 2 SYSTEMPATH\View\View.php(234): include('D:\\laragon\\www\\Kuliah\\PWLPRAKTIK\\pertemuan8\\app\\Views\\asdos\\edit.php')
 3 SYSTEMPATH\View\View.php(237): CodeIgniter\View\View->CodeIgniter\View\{closure}()
 4 SYSTEMPATH\Common.php(1171): CodeIgniter\View\View->render('asdos/edit', [], true)
 5 APPPATH\Controllers\AsdosController.php(39): view('asdos/edit', [...])
 6 SYSTEMPATH\CodeIgniter.php(933): App\Controllers\AsdosController->edit('3')
 7 SYSTEMPATH\CodeIgniter.php(509): CodeIgniter\CodeIgniter->runController(Object(App\Controllers\AsdosController))
 8 SYSTEMPATH\CodeIgniter.php(355): CodeIgniter\CodeIgniter->handleRequest(null, Object(Config\Cache), false)
 9 SYSTEMPATH\Boot.php(325): CodeIgniter\CodeIgniter->run()
10 SYSTEMPATH\Boot.php(67): CodeIgniter\Boot::runCodeIgniter(Object(CodeIgniter\CodeIgniter))
11 FCPATH\index.php(56): CodeIgniter\Boot::bootWeb(Object(Config\Paths))
12 SYSTEMPATH\rewrite.php(44): require_once('D:\\laragon\\www\\Kuliah\\PWLPRAKTIK\\pertemuan8\\public\\index.php')
CRITICAL - 2024-12-11 01:12:32 --> ErrorException: Undefined variable $data
[Method: GET, Route: edit/3]
in APPPATH\Views\asdos\edit.php on line 12.
 1 APPPATH\Views\asdos\edit.php(12): CodeIgniter\Debug\Exceptions->errorHandler(2, 'Undefined variable $data', 'D:\\laragon\\www\\Kuliah\\PWLPRAKTIK\\pertemuan8\\app\\Views\\asdos\\edit.php', 12)
 2 SYSTEMPATH\View\View.php(234): include('D:\\laragon\\www\\Kuliah\\PWLPRAKTIK\\pertemuan8\\app\\Views\\asdos\\edit.php')
 3 SYSTEMPATH\View\View.php(237): CodeIgniter\View\View->CodeIgniter\View\{closure}()
 4 SYSTEMPATH\Common.php(1171): CodeIgniter\View\View->render('asdos/edit', [], true)
 5 APPPATH\Controllers\AsdosController.php(39): view('asdos/edit', [...])
 6 SYSTEMPATH\CodeIgniter.php(933): App\Controllers\AsdosController->edit('3')
 7 SYSTEMPATH\CodeIgniter.php(509): CodeIgniter\CodeIgniter->runController(Object(App\Controllers\AsdosController))
 8 SYSTEMPATH\CodeIgniter.php(355): CodeIgniter\CodeIgniter->handleRequest(null, Object(Config\Cache), false)
 9 SYSTEMPATH\Boot.php(325): CodeIgniter\CodeIgniter->run()
10 SYSTEMPATH\Boot.php(67): CodeIgniter\Boot::runCodeIgniter(Object(CodeIgniter\CodeIgniter))
11 FCPATH\index.php(56): CodeIgniter\Boot::bootWeb(Object(Config\Paths))
12 SYSTEMPATH\rewrite.php(44): require_once('D:\\laragon\\www\\Kuliah\\PWLPRAKTIK\\pertemuan8\\public\\index.php')
ERROR - 2024-12-11 01:13:08 --> Error connecting to the database: mysqli_sql_exception: No connection could be made because the target machine actively refused it in D:\laragon\www\Kuliah\PWLPRAKTIK\pertemuan8\system\Database\MySQLi\Connection.php:186
Stack trace:
#0 D:\laragon\www\Kuliah\PWLPRAKTIK\pertemuan8\system\Database\MySQLi\Connection.php(186): mysqli->real_connect('localhost', 'root', Object(SensitiveParameterValue), 'pwlp', 3306, '', 0)
#1 D:\laragon\www\Kuliah\PWLPRAKTIK\pertemuan8\system\Database\BaseConnection.php(421): CodeIgniter\Database\MySQLi\Connection->connect(false)
#2 D:\laragon\www\Kuliah\PWLPRAKTIK\pertemuan8\system\Database\BaseConnection.php(616): CodeIgniter\Database\BaseConnection->initialize()
#3 D:\laragon\www\Kuliah\PWLPRAKTIK\pertemuan8\system\Database\BaseBuilder.php(1644): CodeIgniter\Database\BaseConnection->query('SELECT *\nFROM `...', Array, false)
#4 D:\laragon\www\Kuliah\PWLPRAKTIK\pertemuan8\system\Model.php(210): CodeIgniter\Database\BaseBuilder->get()
#5 D:\laragon\www\Kuliah\PWLPRAKTIK\pertemuan8\system\BaseModel.php(610): CodeIgniter\Model->doFind(true, '3')
#6 D:\laragon\www\Kuliah\PWLPRAKTIK\pertemuan8\app\Controllers\AsdosController.php(35): CodeIgniter\BaseModel->find('3')
#7 D:\laragon\www\Kuliah\PWLPRAKTIK\pertemuan8\system\CodeIgniter.php(933): App\Controllers\AsdosController->edit('3')
#8 D:\laragon\www\Kuliah\PWLPRAKTIK\pertemuan8\system\CodeIgniter.php(509): CodeIgniter\CodeIgniter->runController(Object(App\Controllers\AsdosController))
#9 D:\laragon\www\Kuliah\PWLPRAKTIK\pertemuan8\system\CodeIgniter.php(355): CodeIgniter\CodeIgniter->handleRequest(NULL, Object(Config\Cache), false)
#10 D:\laragon\www\Kuliah\PWLPRAKTIK\pertemuan8\system\Boot.php(325): CodeIgniter\CodeIgniter->run()
#11 D:\laragon\www\Kuliah\PWLPRAKTIK\pertemuan8\system\Boot.php(67): CodeIgniter\Boot::runCodeIgniter(Object(CodeIgniter\CodeIgniter))
#12 D:\laragon\www\Kuliah\PWLPRAKTIK\pertemuan8\public\index.php(56): CodeIgniter\Boot::bootWeb(Object(Config\Paths))
#13 D:\laragon\www\Kuliah\PWLPRAKTIK\pertemuan8\system\rewrite.php(44): require_once('D:\\laragon\\www\\...')
#14 {main}

Next CodeIgniter\Database\Exceptions\DatabaseException: No connection could be made because the target machine actively refused it in D:\laragon\www\Kuliah\PWLPRAKTIK\pertemuan8\system\Database\MySQLi\Connection.php:231
Stack trace:
#0 D:\laragon\www\Kuliah\PWLPRAKTIK\pertemuan8\system\Database\BaseConnection.php(421): CodeIgniter\Database\MySQLi\Connection->connect(false)
#1 D:\laragon\www\Kuliah\PWLPRAKTIK\pertemuan8\system\Database\BaseConnection.php(616): CodeIgniter\Database\BaseConnection->initialize()
#2 D:\laragon\www\Kuliah\PWLPRAKTIK\pertemuan8\system\Database\BaseBuilder.php(1644): CodeIgniter\Database\BaseConnection->query('SELECT *\nFROM `...', Array, false)
#3 D:\laragon\www\Kuliah\PWLPRAKTIK\pertemuan8\system\Model.php(210): CodeIgniter\Database\BaseBuilder->get()
#4 D:\laragon\www\Kuliah\PWLPRAKTIK\pertemuan8\system\BaseModel.php(610): CodeIgniter\Model->doFind(true, '3')
#5 D:\laragon\www\Kuliah\PWLPRAKTIK\pertemuan8\app\Controllers\AsdosController.php(35): CodeIgniter\BaseModel->find('3')
#6 D:\laragon\www\Kuliah\PWLPRAKTIK\pertemuan8\system\CodeIgniter.php(933): App\Controllers\AsdosController->edit('3')
#7 D:\laragon\www\Kuliah\PWLPRAKTIK\pertemuan8\system\CodeIgniter.php(509): CodeIgniter\CodeIgniter->runController(Object(App\Controllers\AsdosController))
#8 D:\laragon\www\Kuliah\PWLPRAKTIK\pertemuan8\system\CodeIgniter.php(355): CodeIgniter\CodeIgniter->handleRequest(NULL, Object(Config\Cache), false)
#9 D:\laragon\www\Kuliah\PWLPRAKTIK\pertemuan8\system\Boot.php(325): CodeIgniter\CodeIgniter->run()
#10 D:\laragon\www\Kuliah\PWLPRAKTIK\pertemuan8\system\Boot.php(67): CodeIgniter\Boot::runCodeIgniter(Object(CodeIgniter\CodeIgniter))
#11 D:\laragon\www\Kuliah\PWLPRAKTIK\pertemuan8\public\index.php(56): CodeIgniter\Boot::bootWeb(Object(Config\Paths))
#12 D:\laragon\www\Kuliah\PWLPRAKTIK\pertemuan8\system\rewrite.php(44): require_once('D:\\laragon\\www\\...')
#13 {main}
CRITICAL - 2024-12-11 01:13:08 --> CodeIgniter\Database\Exceptions\DatabaseException: Unable to connect to the database.
Main connection [MySQLi]: No connection could be made because the target machine actively refused it
[Method: GET, Route: edit/3]
in SYSTEMPATH\Database\BaseConnection.php on line 467.
 1 SYSTEMPATH\Database\BaseConnection.php(616): CodeIgniter\Database\BaseConnection->initialize()
 2 SYSTEMPATH\Database\BaseBuilder.php(1644): CodeIgniter\Database\BaseConnection->query('SELECT *
FROM `matkul`
WHERE `matkul`.`id_matkul` = :matkul.id_matkul:', [...], false)
 3 SYSTEMPATH\Model.php(210): CodeIgniter\Database\BaseBuilder->get()
 4 SYSTEMPATH\BaseModel.php(610): CodeIgniter\Model->doFind(true, '3')
 5 APPPATH\Controllers\AsdosController.php(35): CodeIgniter\BaseModel->find('3')
 6 SYSTEMPATH\CodeIgniter.php(933): App\Controllers\AsdosController->edit('3')
 7 SYSTEMPATH\CodeIgniter.php(509): CodeIgniter\CodeIgniter->runController(Object(App\Controllers\AsdosController))
 8 SYSTEMPATH\CodeIgniter.php(355): CodeIgniter\CodeIgniter->handleRequest(null, Object(Config\Cache), false)
 9 SYSTEMPATH\Boot.php(325): CodeIgniter\CodeIgniter->run()
10 SYSTEMPATH\Boot.php(67): CodeIgniter\Boot::runCodeIgniter(Object(CodeIgniter\CodeIgniter))
11 FCPATH\index.php(56): CodeIgniter\Boot::bootWeb(Object(Config\Paths))
12 SYSTEMPATH\rewrite.php(44): require_once('D:\\laragon\\www\\Kuliah\\PWLPRAKTIK\\pertemuan8\\public\\index.php')
ERROR - 2024-12-11 01:13:13 --> Error connecting to the database: mysqli_sql_exception: No connection could be made because the target machine actively refused it in D:\laragon\www\Kuliah\PWLPRAKTIK\pertemuan8\system\Database\MySQLi\Connection.php:186
Stack trace:
#0 D:\laragon\www\Kuliah\PWLPRAKTIK\pertemuan8\system\Database\MySQLi\Connection.php(186): mysqli->real_connect('localhost', 'root', Object(SensitiveParameterValue), 'pwlp', 3306, '', 0)
#1 D:\laragon\www\Kuliah\PWLPRAKTIK\pertemuan8\system\Database\BaseConnection.php(421): CodeIgniter\Database\MySQLi\Connection->connect(false)
#2 D:\laragon\www\Kuliah\PWLPRAKTIK\pertemuan8\system\Database\BaseConnection.php(616): CodeIgniter\Database\BaseConnection->initialize()
#3 D:\laragon\www\Kuliah\PWLPRAKTIK\pertemuan8\system\Database\BaseBuilder.php(1644): CodeIgniter\Database\BaseConnection->query('SELECT *\nFROM `...', Array, false)
#4 D:\laragon\www\Kuliah\PWLPRAKTIK\pertemuan8\system\Model.php(286): CodeIgniter\Database\BaseBuilder->get()
#5 D:\laragon\www\Kuliah\PWLPRAKTIK\pertemuan8\system\BaseModel.php(676): CodeIgniter\Model->doFindAll(0, 0)
#6 D:\laragon\www\Kuliah\PWLPRAKTIK\pertemuan8\app\Controllers\AsdosController.php(13): CodeIgniter\BaseModel->findAll()
#7 D:\laragon\www\Kuliah\PWLPRAKTIK\pertemuan8\system\CodeIgniter.php(933): App\Controllers\AsdosController->index()
#8 D:\laragon\www\Kuliah\PWLPRAKTIK\pertemuan8\system\CodeIgniter.php(509): CodeIgniter\CodeIgniter->runController(Object(App\Controllers\AsdosController))
#9 D:\laragon\www\Kuliah\PWLPRAKTIK\pertemuan8\system\CodeIgniter.php(355): CodeIgniter\CodeIgniter->handleRequest(NULL, Object(Config\Cache), false)
#10 D:\laragon\www\Kuliah\PWLPRAKTIK\pertemuan8\system\Boot.php(325): CodeIgniter\CodeIgniter->run()
#11 D:\laragon\www\Kuliah\PWLPRAKTIK\pertemuan8\system\Boot.php(67): CodeIgniter\Boot::runCodeIgniter(Object(CodeIgniter\CodeIgniter))
#12 D:\laragon\www\Kuliah\PWLPRAKTIK\pertemuan8\public\index.php(56): CodeIgniter\Boot::bootWeb(Object(Config\Paths))
#13 D:\laragon\www\Kuliah\PWLPRAKTIK\pertemuan8\system\rewrite.php(44): require_once('D:\\laragon\\www\\...')
#14 {main}

Next CodeIgniter\Database\Exceptions\DatabaseException: No connection could be made because the target machine actively refused it in D:\laragon\www\Kuliah\PWLPRAKTIK\pertemuan8\system\Database\MySQLi\Connection.php:231
Stack trace:
#0 D:\laragon\www\Kuliah\PWLPRAKTIK\pertemuan8\system\Database\BaseConnection.php(421): CodeIgniter\Database\MySQLi\Connection->connect(false)
#1 D:\laragon\www\Kuliah\PWLPRAKTIK\pertemuan8\system\Database\BaseConnection.php(616): CodeIgniter\Database\BaseConnection->initialize()
#2 D:\laragon\www\Kuliah\PWLPRAKTIK\pertemuan8\system\Database\BaseBuilder.php(1644): CodeIgniter\Database\BaseConnection->query('SELECT *\nFROM `...', Array, false)
#3 D:\laragon\www\Kuliah\PWLPRAKTIK\pertemuan8\system\Model.php(286): CodeIgniter\Database\BaseBuilder->get()
#4 D:\laragon\www\Kuliah\PWLPRAKTIK\pertemuan8\system\BaseModel.php(676): CodeIgniter\Model->doFindAll(0, 0)
#5 D:\laragon\www\Kuliah\PWLPRAKTIK\pertemuan8\app\Controllers\AsdosController.php(13): CodeIgniter\BaseModel->findAll()
#6 D:\laragon\www\Kuliah\PWLPRAKTIK\pertemuan8\system\CodeIgniter.php(933): App\Controllers\AsdosController->index()
#7 D:\laragon\www\Kuliah\PWLPRAKTIK\pertemuan8\system\CodeIgniter.php(509): CodeIgniter\CodeIgniter->runController(Object(App\Controllers\AsdosController))
#8 D:\laragon\www\Kuliah\PWLPRAKTIK\pertemuan8\system\CodeIgniter.php(355): CodeIgniter\CodeIgniter->handleRequest(NULL, Object(Config\Cache), false)
#9 D:\laragon\www\Kuliah\PWLPRAKTIK\pertemuan8\system\Boot.php(325): CodeIgniter\CodeIgniter->run()
#10 D:\laragon\www\Kuliah\PWLPRAKTIK\pertemuan8\system\Boot.php(67): CodeIgniter\Boot::runCodeIgniter(Object(CodeIgniter\CodeIgniter))
#11 D:\laragon\www\Kuliah\PWLPRAKTIK\pertemuan8\public\index.php(56): CodeIgniter\Boot::bootWeb(Object(Config\Paths))
#12 D:\laragon\www\Kuliah\PWLPRAKTIK\pertemuan8\system\rewrite.php(44): require_once('D:\\laragon\\www\\...')
#13 {main}
CRITICAL - 2024-12-11 01:13:13 --> CodeIgniter\Database\Exceptions\DatabaseException: Unable to connect to the database.
Main connection [MySQLi]: No connection could be made because the target machine actively refused it
[Method: GET, Route: data]
in SYSTEMPATH\Database\BaseConnection.php on line 467.
 1 SYSTEMPATH\Database\BaseConnection.php(616): CodeIgniter\Database\BaseConnection->initialize()
 2 SYSTEMPATH\Database\BaseBuilder.php(1644): CodeIgniter\Database\BaseConnection->query('SELECT *
FROM `matkul`', [], false)
 3 SYSTEMPATH\Model.php(286): CodeIgniter\Database\BaseBuilder->get()
 4 SYSTEMPATH\BaseModel.php(676): CodeIgniter\Model->doFindAll(0, 0)
 5 APPPATH\Controllers\AsdosController.php(13): CodeIgniter\BaseModel->findAll()
 6 SYSTEMPATH\CodeIgniter.php(933): App\Controllers\AsdosController->index()
 7 SYSTEMPATH\CodeIgniter.php(509): CodeIgniter\CodeIgniter->runController(Object(App\Controllers\AsdosController))
 8 SYSTEMPATH\CodeIgniter.php(355): CodeIgniter\CodeIgniter->handleRequest(null, Object(Config\Cache), false)
 9 SYSTEMPATH\Boot.php(325): CodeIgniter\CodeIgniter->run()
10 SYSTEMPATH\Boot.php(67): CodeIgniter\Boot::runCodeIgniter(Object(CodeIgniter\CodeIgniter))
11 FCPATH\index.php(56): CodeIgniter\Boot::bootWeb(Object(Config\Paths))
12 SYSTEMPATH\rewrite.php(44): require_once('D:\\laragon\\www\\Kuliah\\PWLPRAKTIK\\pertemuan8\\public\\index.php')
ERROR - 2024-12-11 01:13:41 --> Error connecting to the database: mysqli_sql_exception: No connection could be made because the target machine actively refused it in D:\laragon\www\Kuliah\PWLPRAKTIK\pertemuan8\system\Database\MySQLi\Connection.php:186
Stack trace:
#0 D:\laragon\www\Kuliah\PWLPRAKTIK\pertemuan8\system\Database\MySQLi\Connection.php(186): mysqli->real_connect('localhost', 'root', Object(SensitiveParameterValue), 'pwlp', 3306, '', 0)
#1 D:\laragon\www\Kuliah\PWLPRAKTIK\pertemuan8\system\Database\BaseConnection.php(421): CodeIgniter\Database\MySQLi\Connection->connect(false)
#2 D:\laragon\www\Kuliah\PWLPRAKTIK\pertemuan8\system\Database\BaseConnection.php(616): CodeIgniter\Database\BaseConnection->initialize()
#3 D:\laragon\www\Kuliah\PWLPRAKTIK\pertemuan8\system\Database\BaseBuilder.php(1644): CodeIgniter\Database\BaseConnection->query('SELECT *\nFROM `...', Array, false)
#4 D:\laragon\www\Kuliah\PWLPRAKTIK\pertemuan8\system\Model.php(286): CodeIgniter\Database\BaseBuilder->get()
#5 D:\laragon\www\Kuliah\PWLPRAKTIK\pertemuan8\system\BaseModel.php(676): CodeIgniter\Model->doFindAll(0, 0)
#6 D:\laragon\www\Kuliah\PWLPRAKTIK\pertemuan8\app\Controllers\AsdosController.php(13): CodeIgniter\BaseModel->findAll()
#7 D:\laragon\www\Kuliah\PWLPRAKTIK\pertemuan8\system\CodeIgniter.php(933): App\Controllers\AsdosController->index()
#8 D:\laragon\www\Kuliah\PWLPRAKTIK\pertemuan8\system\CodeIgniter.php(509): CodeIgniter\CodeIgniter->runController(Object(App\Controllers\AsdosController))
#9 D:\laragon\www\Kuliah\PWLPRAKTIK\pertemuan8\system\CodeIgniter.php(355): CodeIgniter\CodeIgniter->handleRequest(NULL, Object(Config\Cache), false)
#10 D:\laragon\www\Kuliah\PWLPRAKTIK\pertemuan8\system\Boot.php(325): CodeIgniter\CodeIgniter->run()
#11 D:\laragon\www\Kuliah\PWLPRAKTIK\pertemuan8\system\Boot.php(67): CodeIgniter\Boot::runCodeIgniter(Object(CodeIgniter\CodeIgniter))
#12 D:\laragon\www\Kuliah\PWLPRAKTIK\pertemuan8\public\index.php(56): CodeIgniter\Boot::bootWeb(Object(Config\Paths))
#13 D:\laragon\www\Kuliah\PWLPRAKTIK\pertemuan8\system\rewrite.php(44): require_once('D:\\laragon\\www\\...')
#14 {main}

Next CodeIgniter\Database\Exceptions\DatabaseException: No connection could be made because the target machine actively refused it in D:\laragon\www\Kuliah\PWLPRAKTIK\pertemuan8\system\Database\MySQLi\Connection.php:231
Stack trace:
#0 D:\laragon\www\Kuliah\PWLPRAKTIK\pertemuan8\system\Database\BaseConnection.php(421): CodeIgniter\Database\MySQLi\Connection->connect(false)
#1 D:\laragon\www\Kuliah\PWLPRAKTIK\pertemuan8\system\Database\BaseConnection.php(616): CodeIgniter\Database\BaseConnection->initialize()
#2 D:\laragon\www\Kuliah\PWLPRAKTIK\pertemuan8\system\Database\BaseBuilder.php(1644): CodeIgniter\Database\BaseConnection->query('SELECT *\nFROM `...', Array, false)
#3 D:\laragon\www\Kuliah\PWLPRAKTIK\pertemuan8\system\Model.php(286): CodeIgniter\Database\BaseBuilder->get()
#4 D:\laragon\www\Kuliah\PWLPRAKTIK\pertemuan8\system\BaseModel.php(676): CodeIgniter\Model->doFindAll(0, 0)
#5 D:\laragon\www\Kuliah\PWLPRAKTIK\pertemuan8\app\Controllers\AsdosController.php(13): CodeIgniter\BaseModel->findAll()
#6 D:\laragon\www\Kuliah\PWLPRAKTIK\pertemuan8\system\CodeIgniter.php(933): App\Controllers\AsdosController->index()
#7 D:\laragon\www\Kuliah\PWLPRAKTIK\pertemuan8\system\CodeIgniter.php(509): CodeIgniter\CodeIgniter->runController(Object(App\Controllers\AsdosController))
#8 D:\laragon\www\Kuliah\PWLPRAKTIK\pertemuan8\system\CodeIgniter.php(355): CodeIgniter\CodeIgniter->handleRequest(NULL, Object(Config\Cache), false)
#9 D:\laragon\www\Kuliah\PWLPRAKTIK\pertemuan8\system\Boot.php(325): CodeIgniter\CodeIgniter->run()
#10 D:\laragon\www\Kuliah\PWLPRAKTIK\pertemuan8\system\Boot.php(67): CodeIgniter\Boot::runCodeIgniter(Object(CodeIgniter\CodeIgniter))
#11 D:\laragon\www\Kuliah\PWLPRAKTIK\pertemuan8\public\index.php(56): CodeIgniter\Boot::bootWeb(Object(Config\Paths))
#12 D:\laragon\www\Kuliah\PWLPRAKTIK\pertemuan8\system\rewrite.php(44): require_once('D:\\laragon\\www\\...')
#13 {main}
CRITICAL - 2024-12-11 01:13:41 --> CodeIgniter\Database\Exceptions\DatabaseException: Unable to connect to the database.
Main connection [MySQLi]: No connection could be made because the target machine actively refused it
[Method: GET, Route: data]
in SYSTEMPATH\Database\BaseConnection.php on line 467.
 1 SYSTEMPATH\Database\BaseConnection.php(616): CodeIgniter\Database\BaseConnection->initialize()
 2 SYSTEMPATH\Database\BaseBuilder.php(1644): CodeIgniter\Database\BaseConnection->query('SELECT *
FROM `matkul`', [], false)
 3 SYSTEMPATH\Model.php(286): CodeIgniter\Database\BaseBuilder->get()
 4 SYSTEMPATH\BaseModel.php(676): CodeIgniter\Model->doFindAll(0, 0)
 5 APPPATH\Controllers\AsdosController.php(13): CodeIgniter\BaseModel->findAll()
 6 SYSTEMPATH\CodeIgniter.php(933): App\Controllers\AsdosController->index()
 7 SYSTEMPATH\CodeIgniter.php(509): CodeIgniter\CodeIgniter->runController(Object(App\Controllers\AsdosController))
 8 SYSTEMPATH\CodeIgniter.php(355): CodeIgniter\CodeIgniter->handleRequest(null, Object(Config\Cache), false)
 9 SYSTEMPATH\Boot.php(325): CodeIgniter\CodeIgniter->run()
10 SYSTEMPATH\Boot.php(67): CodeIgniter\Boot::runCodeIgniter(Object(CodeIgniter\CodeIgniter))
11 FCPATH\index.php(56): CodeIgniter\Boot::bootWeb(Object(Config\Paths))
12 SYSTEMPATH\rewrite.php(44): require_once('D:\\laragon\\www\\Kuliah\\PWLPRAKTIK\\pertemuan8\\public\\index.php')
CRITICAL - 2024-12-11 01:13:51 --> ErrorException: Undefined variable $data
[Method: GET, Route: edit/3]
in APPPATH\Views\asdos\edit.php on line 12.
 1 APPPATH\Views\asdos\edit.php(12): CodeIgniter\Debug\Exceptions->errorHandler(2, 'Undefined variable $data', 'D:\\laragon\\www\\Kuliah\\PWLPRAKTIK\\pertemuan8\\app\\Views\\asdos\\edit.php', 12)
 2 SYSTEMPATH\View\View.php(234): include('D:\\laragon\\www\\Kuliah\\PWLPRAKTIK\\pertemuan8\\app\\Views\\asdos\\edit.php')
 3 SYSTEMPATH\View\View.php(237): CodeIgniter\View\View->CodeIgniter\View\{closure}()
 4 SYSTEMPATH\Common.php(1171): CodeIgniter\View\View->render('asdos/edit', [], true)
 5 APPPATH\Controllers\AsdosController.php(39): view('asdos/edit', [...])
 6 SYSTEMPATH\CodeIgniter.php(933): App\Controllers\AsdosController->edit('3')
 7 SYSTEMPATH\CodeIgniter.php(509): CodeIgniter\CodeIgniter->runController(Object(App\Controllers\AsdosController))
 8 SYSTEMPATH\CodeIgniter.php(355): CodeIgniter\CodeIgniter->handleRequest(null, Object(Config\Cache), false)
 9 SYSTEMPATH\Boot.php(325): CodeIgniter\CodeIgniter->run()
10 SYSTEMPATH\Boot.php(67): CodeIgniter\Boot::runCodeIgniter(Object(CodeIgniter\CodeIgniter))
11 FCPATH\index.php(56): CodeIgniter\Boot::bootWeb(Object(Config\Paths))
12 SYSTEMPATH\rewrite.php(44): require_once('D:\\laragon\\www\\Kuliah\\PWLPRAKTIK\\pertemuan8\\public\\index.php')
CRITICAL - 2024-12-11 01:18:42 --> CodeIgniter\Database\Exceptions\DatabaseException: Updates are not allowed unless they contain a "where" or "like" clause.
[Method: POST, Route: update]
in SYSTEMPATH\Model.php on line 456.
 1 SYSTEMPATH\BaseModel.php(1028): CodeIgniter\Model->doUpdate(null, [...])
 2 SYSTEMPATH\Model.php(865): CodeIgniter\BaseModel->update(null, [...])
 3 APPPATH\Controllers\AsdosController.php(54): CodeIgniter\Model->update(null, [...])
 4 SYSTEMPATH\CodeIgniter.php(933): App\Controllers\AsdosController->update()
 5 SYSTEMPATH\CodeIgniter.php(509): CodeIgniter\CodeIgniter->runController(Object(App\Controllers\AsdosController))
 6 SYSTEMPATH\CodeIgniter.php(355): CodeIgniter\CodeIgniter->handleRequest(null, Object(Config\Cache), false)
 7 SYSTEMPATH\Boot.php(325): CodeIgniter\CodeIgniter->run()
 8 SYSTEMPATH\Boot.php(67): CodeIgniter\Boot::runCodeIgniter(Object(CodeIgniter\CodeIgniter))
 9 FCPATH\index.php(56): CodeIgniter\Boot::bootWeb(Object(Config\Paths))
10 SYSTEMPATH\rewrite.php(44): require_once('D:\\laragon\\www\\Kuliah\\PWLPRAKTIK\\pertemuan8\\public\\index.php')
CRITICAL - 2024-12-11 01:19:38 --> CodeIgniter\Database\Exceptions\DatabaseException: Updates are not allowed unless they contain a "where" or "like" clause.
[Method: POST, Route: update]
in SYSTEMPATH\Model.php on line 456.
 1 SYSTEMPATH\BaseModel.php(1028): CodeIgniter\Model->doUpdate(null, [...])
 2 SYSTEMPATH\Model.php(865): CodeIgniter\BaseModel->update(null, [...])
 3 APPPATH\Controllers\AsdosController.php(54): CodeIgniter\Model->update(null, [...])
 4 SYSTEMPATH\CodeIgniter.php(933): App\Controllers\AsdosController->update()
 5 SYSTEMPATH\CodeIgniter.php(509): CodeIgniter\CodeIgniter->runController(Object(App\Controllers\AsdosController))
 6 SYSTEMPATH\CodeIgniter.php(355): CodeIgniter\CodeIgniter->handleRequest(null, Object(Config\Cache), false)
 7 SYSTEMPATH\Boot.php(325): CodeIgniter\CodeIgniter->run()
 8 SYSTEMPATH\Boot.php(67): CodeIgniter\Boot::runCodeIgniter(Object(CodeIgniter\CodeIgniter))
 9 FCPATH\index.php(56): CodeIgniter\Boot::bootWeb(Object(Config\Paths))
10 SYSTEMPATH\rewrite.php(44): require_once('D:\\laragon\\www\\Kuliah\\PWLPRAKTIK\\pertemuan8\\public\\index.php')
CRITICAL - 2024-12-11 01:20:33 --> CodeIgniter\Database\Exceptions\DatabaseException: Updates are not allowed unless they contain a "where" or "like" clause.
[Method: POST, Route: update/3]
in SYSTEMPATH\Model.php on line 456.
 1 SYSTEMPATH\BaseModel.php(1028): CodeIgniter\Model->doUpdate(null, [...])
 2 SYSTEMPATH\Model.php(865): CodeIgniter\BaseModel->update(null, [...])
 3 APPPATH\Controllers\AsdosController.php(54): CodeIgniter\Model->update(null, [...])
 4 SYSTEMPATH\CodeIgniter.php(933): App\Controllers\AsdosController->update('3')
 5 SYSTEMPATH\CodeIgniter.php(509): CodeIgniter\CodeIgniter->runController(Object(App\Controllers\AsdosController))
 6 SYSTEMPATH\CodeIgniter.php(355): CodeIgniter\CodeIgniter->handleRequest(null, Object(Config\Cache), false)
 7 SYSTEMPATH\Boot.php(325): CodeIgniter\CodeIgniter->run()
 8 SYSTEMPATH\Boot.php(67): CodeIgniter\Boot::runCodeIgniter(Object(CodeIgniter\CodeIgniter))
 9 FCPATH\index.php(56): CodeIgniter\Boot::bootWeb(Object(Config\Paths))
10 SYSTEMPATH\rewrite.php(44): require_once('D:\\laragon\\www\\Kuliah\\PWLPRAKTIK\\pertemuan8\\public\\index.php')
INFO - 2024-12-11 01:21:23 --> Session: Class initialized using 'CodeIgniter\Session\Handlers\FileHandler' driver.
INFO - 2024-12-11 01:23:04 --> Session: Class initialized using 'CodeIgniter\Session\Handlers\FileHandler' driver.
